<?xml version="1.0" encoding="utf-8"?>
<TestRun id="de00befb-86f9-49d8-87be-459d816dcbd0" name="Cloud@DESKTOP-6JEHVET 2026-06-15 12:18:44" runUser="DESKTOP-6JEHVET\Cloud" xmlns="http://microsoft.com/schemas/VisualStudio/TeamTest/2010">
  <Times creation="2026-06-15T12:18:44.0762914+03:00" queuing="2026-06-15T12:18:44.0762918+03:00" start="2026-06-15T12:18:43.2464330+03:00" finish="2026-06-15T12:18:44.2060556+03:00" />
  <TestSettings name="default" id="afa2bbe2-6eeb-45a7-8c66-8c79e9985130">
    <Deployment runDeploymentRoot="Cloud_DESKTOP-6JEHVET_2026-06-15_12_18_44" />
  </TestSettings>
  <Results>
    <UnitTestResult executionId="51cd9a10-04c1-4ed1-baec-e05956b9e46f" testId="751aa96e-f3c1-0ce9-39c2-470e0aa6db28" testName="ApiAggregator.Tests.Application.Authentication.Commands.LoginCommandHandlerTests.Handle_ShouldReturnFailure_WhenUsernameIsInvalid" computerName="DESKTOP-6JEHVET" duration="00:00:00.0626994" startTime="2026-06-15T12:18:44.0681885+03:00" endTime="2026-06-15T12:18:44.0681890+03:00" testType="13cdc9d9-ddb5-4fa4-a97d-d965ccfc6d4b" outcome="Passed" testListId="8c84fa94-04c1-424b-9868-57a2d4851a1d" relativeResultsDirectory="51cd9a10-04c1-4ed1-baec-e05956b9e46f" />
    <UnitTestResult executionId="6ad35b70-19c6-4eff-8b3e-111e9856d62f" testId="7f4c8f02-0319-5005-ff39-fee8d718ae96" testName="ApiAggregator.Tests.Application.Statistics.Store.InMemoryApiStatisticsStoreTests.GetStatistics_ShouldPlaceRequestInCorrectBucket(responseTimeMs: 250, expectedFast: 0, expectedAverage: 0, expectedSlow: 1)" computerName="DESKTOP-6JEHVET" duration="00:00:00.0000202" startTime="2026-06-15T12:18:44.0247376+03:00" endTime="2026-06-15T12:18:44.0247376+03:00" testType="13cdc9d9-ddb5-4fa4-a97d-d965ccfc6d4b" outcome="Passed" testListId="8c84fa94-04c1-424b-9868-57a2d4851a1d" relativeResultsDirectory="6ad35b70-19c6-4eff-8b3e-111e9856d62f" />
    <UnitTestResult executionId="8b547127-fb7b-4c94-a8ab-b7c2bac81fc8" testId="26ae7ad5-79ae-d4d4-ca18-1c5fd25a8386" testName="ApiAggregator.Tests.Application.Aggregation.Sorting.AggregatedItemSorterTests.Apply_ShouldReturnItemsUnchanged_WhenSortByIsNull" computerName="DESKTOP-6JEHVET" duration="00:00:00.0002685" startTime="2026-06-15T12:18:44.0502602+03:00" endTime="2026-06-15T12:18:44.0502603+03:00" testType="13cdc9d9-ddb5-4fa4-a97d-d965ccfc6d4b" outcome="Passed" testListId="8c84fa94-04c1-424b-9868-57a2d4851a1d" relativeResultsDirectory="8b547127-fb7b-4c94-a8ab-b7c2bac81fc8" />
    <UnitTestResult executionId="12b25ec9-2b9b-4f06-9128-ae4d9cd28468" testId="1aaf9de3-2b5d-ffce-d838-bc09839ccfba" testName="ApiAggregator.Tests.Application.Statistics.Store.InMemoryApiStatisticsStoreTests.GetStatistics_ShouldHandleConcurrentWritesSafely" computerName="DESKTOP-6JEHVET" duration="00:00:00.0064878" startTime="2026-06-15T12:18:44.0516188+03:00" endTime="2026-06-15T12:18:44.0516189+03:00" testType="13cdc9d9-ddb5-4fa4-a97d-d965ccfc6d4b" outcome="Passed" testListId="8c84fa94-04c1-424b-9868-57a2d4851a1d" relativeResultsDirectory="12b25ec9-2b9b-4f06-9128-ae4d9cd28468" />
    <UnitTestResult executionId="9a355cbf-63a3-4811-946e-7ee5e6ff674a" testId="7d4c73c2-7b9a-94f5-d92d-68750ed71aa2" testName="ApiAggregator.Tests.Application.Aggregation.Sorting.AggregatedItemSorterTests.Apply_ShouldSortBySource" computerName="DESKTOP-6JEHVET" duration="00:00:00.0002927" startTime="2026-06-15T12:18:44.0503220+03:00" endTime="2026-06-15T12:18:44.0503221+03:00" testType="13cdc9d9-ddb5-4fa4-a97d-d965ccfc6d4b" outcome="Passed" testListId="8c84fa94-04c1-424b-9868-57a2d4851a1d" relativeResultsDirectory="9a355cbf-63a3-4811-946e-7ee5e6ff674a" />
    <UnitTestResult executionId="fa76bb30-2a12-4f7f-aa87-811c6a7eedcb" testId="086021a0-239e-8ae2-7b65-76d7565c9fbf" testName="ApiAggregator.Tests.Application.Aggregation.Queries.AggregateDataQueryHandlerTests.Handle_ShouldIncludeProviderStatusMetadata" computerName="DESKTOP-6JEHVET" duration="00:00:00.0011486" startTime="2026-06-15T12:18:44.1189288+03:00" endTime="2026-06-15T12:18:44.1189289+03:00" testType="13cdc9d9-ddb5-4fa4-a97d-d965ccfc6d4b" outcome="Passed" testListId="8c84fa94-04c1-424b-9868-57a2d4851a1d" relativeResultsDirectory="fa76bb30-2a12-4f7f-aa87-811c6a7eedcb" />
    <UnitTestResult executionId="aeb645b8-43fd-4141-868e-bae3379d66dc" testId="2bd96c1d-059c-d0e9-c77d-164c30056ae5" testName="ApiAggregator.Tests.Application.Aggregation.Filtering.AggregatedItemFilterTests.Apply_ShouldFilterByFromDate" computerName="DESKTOP-6JEHVET" duration="00:00:00.0005657" startTime="2026-06-15T12:18:44.0515085+03:00" endTime="2026-06-15T12:18:44.0515086+03:00" testType="13cdc9d9-ddb5-4fa4-a97d-d965ccfc6d4b" outcome="Passed" testListId="8c84fa94-04c1-424b-9868-57a2d4851a1d" relativeResultsDirectory="aeb645b8-43fd-4141-868e-bae3379d66dc" />
    <UnitTestResult executionId="e09547b9-48c0-408c-9a3b-358d2472b7fc" testId="6014be81-efd9-c12d-5a81-c3a485f29654" testName="ApiAggregator.Tests.Application.Aggregation.Sorting.AggregatedItemSorterTests.Apply_ShouldSortByDateAscending_ByDefault" computerName="DESKTOP-6JEHVET" duration="00:00:00.0018553" startTime="2026-06-15T12:18:44.0501642+03:00" endTime="2026-06-15T12:18:44.0501642+03:00" testType="13cdc9d9-ddb5-4fa4-a97d-d965ccfc6d4b" outcome="Passed" testListId="8c84fa94-04c1-424b-9868-57a2d4851a1d" relativeResultsDirectory="e09547b9-48c0-408c-9a3b-358d2472b7fc" />
    <UnitTestResult executionId="ec961f43-e8a2-4333-b581-84bbfe138f78" testId="6160ce35-e7b3-0ffd-0210-789fdf938c07" testName="ApiAggregator.Tests.Application.Statistics.Store.InMemoryApiStatisticsStoreTests.GetStatistics_ShouldPlaceRequestInCorrectBucket(responseTimeMs: 50, expectedFast: 1, expectedAverage: 0, expectedSlow: 0)" computerName="DESKTOP-6JEHVET" duration="00:00:00.0133090" startTime="2026-06-15T12:18:44.0239103+03:00" endTime="2026-06-15T12:18:44.0239103+03:00" testType="13cdc9d9-ddb5-4fa4-a97d-d965ccfc6d4b" outcome="Passed" testListId="8c84fa94-04c1-424b-9868-57a2d4851a1d" relativeResultsDirectory="ec961f43-e8a2-4333-b581-84bbfe138f78" />
    <UnitTestResult executionId="4f138f93-9414-489a-89b6-48e57ab260df" testId="c8af6911-8960-cc13-1c59-d230fe99beed" testName="ApiAggregator.Tests.Application.Statistics.Store.InMemoryApiStatisticsStoreTests.GetStatistics_ShouldCalculateAverageResponseTime" computerName="DESKTOP-6JEHVET" duration="00:00:00.0022784" startTime="2026-06-15T12:18:44.0520682+03:00" endTime="2026-06-15T12:18:44.0520682+03:00" testType="13cdc9d9-ddb5-4fa4-a97d-d965ccfc6d4b" outcome="Passed" testListId="8c84fa94-04c1-424b-9868-57a2d4851a1d" relativeResultsDirectory="4f138f93-9414-489a-89b6-48e57ab260df" />
    <UnitTestResult executionId="92346c55-81ef-454f-8395-10230a9d77f1" testId="40b11b95-fe1a-784c-45cb-317671f46907" testName="ApiAggregator.Tests.Application.Aggregation.Sorting.AggregatedItemSorterTests.Apply_ShouldSortByDateDescending_WhenSortDirectionIsDesc" computerName="DESKTOP-6JEHVET" duration="00:00:00.0006973" startTime="2026-06-15T12:18:44.0514416+03:00" endTime="2026-06-15T12:18:44.0514417+03:00" testType="13cdc9d9-ddb5-4fa4-a97d-d965ccfc6d4b" outcome="Passed" testListId="8c84fa94-04c1-424b-9868-57a2d4851a1d" relativeResultsDirectory="92346c55-81ef-454f-8395-10230a9d77f1" />
    <UnitTestResult executionId="4c2f1af0-e2f9-491e-980c-e111f52f3158" testId="0acbbc9c-16c2-3fcf-7c72-1d0fd4afa3ff" testName="ApiAggregator.Tests.Application.Aggregation.Queries.AggregateDataQueryHandlerTests.Handle_ShouldStillReturnResult_WhenLogRepositoryThrows" computerName="DESKTOP-6JEHVET" duration="00:00:00.0037878" startTime="2026-06-15T12:18:44.1137037+03:00" endTime="2026-06-15T12:18:44.1137039+03:00" testType="13cdc9d9-ddb5-4fa4-a97d-d965ccfc6d4b" outcome="Passed" testListId="8c84fa94-04c1-424b-9868-57a2d4851a1d" relativeResultsDirectory="4c2f1af0-e2f9-491e-980c-e111f52f3158" />
    <UnitTestResult executionId="c1f74519-f858-4ee2-9e0c-47ed1c3082c6" testId="638f3f7f-98db-f109-0d0d-452ea0696a25" testName="ApiAggregator.Tests.Application.Aggregation.Filtering.AggregatedItemFilterTests.Apply_ShouldFilterByCategory" computerName="DESKTOP-6JEHVET" duration="00:00:00.0003606" startTime="2026-06-15T12:18:44.0502889+03:00" endTime="2026-06-15T12:18:44.0502889+03:00" testType="13cdc9d9-ddb5-4fa4-a97d-d965ccfc6d4b" outcome="Passed" testListId="8c84fa94-04c1-424b-9868-57a2d4851a1d" relativeResultsDirectory="c1f74519-f858-4ee2-9e0c-47ed1c3082c6" />
    <UnitTestResult executionId="d9d92b63-e1c5-4f69-b2a9-fff3f661fb54" testId="fdb987f5-2376-ba3f-0f21-605ad8784596" testName="ApiAggregator.Tests.Application.Aggregation.Filtering.AggregatedItemFilterTests.Apply_ShouldFilterByKeyword_WhenKeywordMatchesDescription" computerName="DESKTOP-6JEHVET" duration="00:00:00.0023796" startTime="2026-06-15T12:18:44.0502270+03:00" endTime="2026-06-15T12:18:44.0502270+03:00" testType="13cdc9d9-ddb5-4fa4-a97d-d965ccfc6d4b" outcome="Passed" testListId="8c84fa94-04c1-424b-9868-57a2d4851a1d" relativeResultsDirectory="d9d92b63-e1c5-4f69-b2a9-fff3f661fb54" />
    <UnitTestResult executionId="ad6a2212-0f29-47a4-a12b-56773e0287e2" testId="880e0c9c-c581-6cb5-2d8b-5fba607986a5" testName="ApiAggregator.Tests.Application.Authentication.Commands.LoginCommandHandlerTests.Handle_ShouldReturnFailure_WhenPasswordIsInvalid" computerName="DESKTOP-6JEHVET" duration="00:00:00.0015127" startTime="2026-06-15T12:18:44.0698051+03:00" endTime="2026-06-15T12:18:44.0698054+03:00" testType="13cdc9d9-ddb5-4fa4-a97d-d965ccfc6d4b" outcome="Passed" testListId="8c84fa94-04c1-424b-9868-57a2d4851a1d" relativeResultsDirectory="ad6a2212-0f29-47a4-a12b-56773e0287e2" />
    <UnitTestResult executionId="c139910a-0cf7-4599-b33d-826e61cb9ecc" testId="acf32726-0a5b-e2ac-cc6d-e1384b7de38f" testName="ApiAggregator.Tests.Application.Aggregation.Sorting.AggregatedItemSorterTests.Apply_ShouldSortByCategory" computerName="DESKTOP-6JEHVET" duration="00:00:00.0136289" startTime="2026-06-15T12:18:44.0214508+03:00" endTime="2026-06-15T12:18:44.0214638+03:00" testType="13cdc9d9-ddb5-4fa4-a97d-d965ccfc6d4b" outcome="Passed" testListId="8c84fa94-04c1-424b-9868-57a2d4851a1d" relativeResultsDirectory="c139910a-0cf7-4599-b33d-826e61cb9ecc" />
    <UnitTestResult executionId="8b22a703-9354-4533-a494-1f809e3e8709" testId="99e835e1-5392-c229-0522-97e0ef9f24a1" testName="ApiAggregator.Tests.Application.Aggregation.Queries.AggregateDataQueryHandlerTests.Handle_ShouldOnlyCallRequestedProviders_WhenProvidersFilterIsSet" computerName="DESKTOP-6JEHVET" duration="00:00:00.0025908" startTime="2026-06-15T12:18:44.1177313+03:00" endTime="2026-06-15T12:18:44.1177315+03:00" testType="13cdc9d9-ddb5-4fa4-a97d-d965ccfc6d4b" outcome="Passed" testListId="8c84fa94-04c1-424b-9868-57a2d4851a1d" relativeResultsDirectory="8b22a703-9354-4533-a494-1f809e3e8709" />
    <UnitTestResult executionId="bcb7e07e-ce2a-4d10-981b-bce400628c20" testId="30330ad7-d55e-5a9b-9d3b-dac2113f56bf" testName="ApiAggregator.Tests.Application.Aggregation.Sorting.AggregatedItemSorterTests.Apply_ShouldThrowInvalidSortFieldException_WhenSortByIsInvalid" computerName="DESKTOP-6JEHVET" duration="00:00:00.0112651" startTime="2026-06-15T12:18:44.0520887+03:00" endTime="2026-06-15T12:18:44.0520887+03:00" testType="13cdc9d9-ddb5-4fa4-a97d-d965ccfc6d4b" outcome="Passed" testListId="8c84fa94-04c1-424b-9868-57a2d4851a1d" relativeResultsDirectory="bcb7e07e-ce2a-4d10-981b-bce400628c20" />
    <UnitTestResult executionId="fe8850a7-ea7f-4dcd-b8c0-24273827c1ee" testId="5af82900-8780-f9d2-7508-c4a8d7fe86f2" testName="ApiAggregator.Tests.Application.Aggregation.Filtering.AggregatedItemFilterTests.Apply_ShouldReturnAllItems_WhenNoFiltersProvided" computerName="DESKTOP-6JEHVET" duration="00:00:00.0134618" startTime="2026-06-15T12:18:44.0236008+03:00" endTime="2026-06-15T12:18:44.0236009+03:00" testType="13cdc9d9-ddb5-4fa4-a97d-d965ccfc6d4b" outcome="Passed" testListId="8c84fa94-04c1-424b-9868-57a2d4851a1d" relativeResultsDirectory="fe8850a7-ea7f-4dcd-b8c0-24273827c1ee" />
    <UnitTestResult executionId="2a824d07-f8a5-4ef7-beb9-8e1b4d93a61d" testId="c8cd70cc-cb89-5b4c-5544-cca06d762525" testName="ApiAggregator.Tests.Application.Aggregation.Queries.AggregateDataQueryHandlerTests.Handle_ShouldRecordStatistics_ForEachProvider" computerName="DESKTOP-6JEHVET" duration="00:00:00.0013329" startTime="2026-06-15T12:18:44.1150798+03:00" endTime="2026-06-15T12:18:44.1150799+03:00" testType="13cdc9d9-ddb5-4fa4-a97d-d965ccfc6d4b" outcome="Passed" testListId="8c84fa94-04c1-424b-9868-57a2d4851a1d" relativeResultsDirectory="2a824d07-f8a5-4ef7-beb9-8e1b4d93a61d" />
    <UnitTestResult executionId="7849e618-11dd-4793-aa9c-c1d51fce8eaf" testId="dad23633-5d61-5198-532d-b018aecc9f4f" testName="ApiAggregator.Tests.Application.Aggregation.Queries.AggregateDataQueryHandlerTests.Handle_ShouldApplyFilteringAndSorting" computerName="DESKTOP-6JEHVET" duration="00:00:00.0007059" startTime="2026-06-15T12:18:44.1196711+03:00" endTime="2026-06-15T12:18:44.1196711+03:00" testType="13cdc9d9-ddb5-4fa4-a97d-d965ccfc6d4b" outcome="Passed" testListId="8c84fa94-04c1-424b-9868-57a2d4851a1d" relativeResultsDirectory="7849e618-11dd-4793-aa9c-c1d51fce8eaf" />
    <UnitTestResult executionId="4921b225-d8b0-43fe-80cf-e81470d4fdee" testId="70bc07d0-75a0-aa66-903e-22ee6efeb018" testName="ApiAggregator.Tests.Application.Aggregation.Sorting.AggregatedItemSorterTests.Apply_ShouldSortByTitle" computerName="DESKTOP-6JEHVET" duration="00:00:00.0002815" startTime="2026-06-15T12:18:44.0501971+03:00" endTime="2026-06-15T12:18:44.0501971+03:00" testType="13cdc9d9-ddb5-4fa4-a97d-d965ccfc6d4b" outcome="Passed" testListId="8c84fa94-04c1-424b-9868-57a2d4851a1d" relativeResultsDirectory="4921b225-d8b0-43fe-80cf-e81470d4fdee" />
    <UnitTestResult executionId="6754482a-6ec9-4eef-a6f9-89537910069c" testId="f2559f1e-92ff-3340-c63f-8e5e75d58d87" testName="ApiAggregator.Tests.Application.Authentication.Commands.LoginCommandHandlerTests.Handle_ShouldReturnToken_WhenCredentialsAreValid" computerName="DESKTOP-6JEHVET" duration="00:00:00.0011643" startTime="2026-06-15T12:18:44.0709725+03:00" endTime="2026-06-15T12:18:44.0709726+03:00" testType="13cdc9d9-ddb5-4fa4-a97d-d965ccfc6d4b" outcome="Passed" testListId="8c84fa94-04c1-424b-9868-57a2d4851a1d" relativeResultsDirectory="6754482a-6ec9-4eef-a6f9-89537910069c" />
    <UnitTestResult executionId="d6409d5a-2c2c-4247-9ffb-15776b34eede" testId="c2455091-378e-3366-466e-bf91f62430aa" testName="ApiAggregator.Tests.Application.Aggregation.Filtering.AggregatedItemFilterTests.Apply_ShouldFilterByToDate" computerName="DESKTOP-6JEHVET" duration="00:00:00.0013683" startTime="2026-06-15T12:18:44.0514785+03:00" endTime="2026-06-15T12:18:44.0514785+03:00" testType="13cdc9d9-ddb5-4fa4-a97d-d965ccfc6d4b" outcome="Passed" testListId="8c84fa94-04c1-424b-9868-57a2d4851a1d" relativeResultsDirectory="d6409d5a-2c2c-4247-9ffb-15776b34eede" />
    <UnitTestResult executionId="f194a182-7cd6-472e-81da-4d8f86c40b1b" testId="1a3d3a01-b631-114d-7de2-47f4df5cb2e2" testName="ApiAggregator.Tests.Application.Aggregation.Queries.AggregateDataQueryHandlerTests.Handle_ShouldCallAllProviders_AndCombineResults" computerName="DESKTOP-6JEHVET" duration="00:00:00.0012167" startTime="2026-06-15T12:18:44.1209307+03:00" endTime="2026-06-15T12:18:44.1209308+03:00" testType="13cdc9d9-ddb5-4fa4-a97d-d965ccfc6d4b" outcome="Passed" testListId="8c84fa94-04c1-424b-9868-57a2d4851a1d" relativeResultsDirectory="f194a182-7cd6-472e-81da-4d8f86c40b1b" />
    <UnitTestResult executionId="9a4cb224-bb72-482c-801d-58ee0561fc05" testId="4c12e5df-ee63-9db3-c8e2-a1117e177665" testName="ApiAggregator.Tests.Application.Statistics.Store.InMemoryApiStatisticsStoreTests.RecordSuccess_ShouldIncrementTotalAndSuccessfulRequests" computerName="DESKTOP-6JEHVET" duration="00:00:00.0003917" startTime="2026-06-15T12:18:44.0516480+03:00" endTime="2026-06-15T12:18:44.0516480+03:00" testType="13cdc9d9-ddb5-4fa4-a97d-d965ccfc6d4b" outcome="Passed" testListId="8c84fa94-04c1-424b-9868-57a2d4851a1d" relativeResultsDirectory="9a4cb224-bb72-482c-801d-58ee0561fc05" />
    <UnitTestResult executionId="a39e1b7a-6bb2-45f0-a635-eeb2cb827ae6" testId="53986a5d-5ee9-8c2e-2289-5aeaeb2cd3ae" testName="ApiAggregator.Tests.Application.Aggregation.Filtering.AggregatedItemFilterTests.Apply_ShouldFilterByKeyword_WhenKeywordMatchesTitle" computerName="DESKTOP-6JEHVET" duration="00:00:00.0003293" startTime="2026-06-15T12:18:44.0516047+03:00" endTime="2026-06-15T12:18:44.0516048+03:00" testType="13cdc9d9-ddb5-4fa4-a97d-d965ccfc6d4b" outcome="Passed" testListId="8c84fa94-04c1-424b-9868-57a2d4851a1d" relativeResultsDirectory="a39e1b7a-6bb2-45f0-a635-eeb2cb827ae6" />
    <UnitTestResult executionId="897d69b9-9a65-4b88-87b9-024d29ffdeb0" testId="6c422b96-2ba7-60bc-d5c4-99f638155491" testName="ApiAggregator.Tests.Application.Aggregation.Queries.AggregateDataQueryHandlerTests.Handle_ShouldNotFail_WhenOneProviderFails" computerName="DESKTOP-6JEHVET" duration="00:00:00.1043391" startTime="2026-06-15T12:18:44.1098600+03:00" endTime="2026-06-15T12:18:44.1098605+03:00" testType="13cdc9d9-ddb5-4fa4-a97d-d965ccfc6d4b" outcome="Passed" testListId="8c84fa94-04c1-424b-9868-57a2d4851a1d" relativeResultsDirectory="897d69b9-9a65-4b88-87b9-024d29ffdeb0" />
    <UnitTestResult executionId="fcc082b2-dbbf-4ce0-b22f-a626a046e105" testId="9d64852e-a8f7-d7e7-83fb-eee2c102ab89" testName="ApiAggregator.Tests.Application.Aggregation.Sorting.AggregatedItemSorterTests.Apply_ShouldSortByRelevanceDescending" computerName="DESKTOP-6JEHVET" duration="00:00:00.0018708" startTime="2026-06-15T12:18:44.0515377+03:00" endTime="2026-06-15T12:18:44.0515378+03:00" testType="13cdc9d9-ddb5-4fa4-a97d-d965ccfc6d4b" outcome="Passed" testListId="8c84fa94-04c1-424b-9868-57a2d4851a1d" relativeResultsDirectory="fcc082b2-dbbf-4ce0-b22f-a626a046e105" />
    <UnitTestResult executionId="024fef82-3b21-43ff-9bf5-a0d21adacc6b" testId="6918a19d-09b0-56b5-2a51-46c6e82f6c66" testName="ApiAggregator.Tests.Application.Aggregation.Filtering.AggregatedItemFilterTests.Apply_ShouldFilterBySource" computerName="DESKTOP-6JEHVET" duration="00:00:00.0019010" startTime="2026-06-15T12:18:44.0515719+03:00" endTime="2026-06-15T12:18:44.0515719+03:00" testType="13cdc9d9-ddb5-4fa4-a97d-d965ccfc6d4b" outcome="Passed" testListId="8c84fa94-04c1-424b-9868-57a2d4851a1d" relativeResultsDirectory="024fef82-3b21-43ff-9bf5-a0d21adacc6b" />
    <UnitTestResult executionId="527441ea-ff57-45ce-a397-696faea64a2a" testId="8ab52574-23d6-f4e1-8dc8-7a10b6a978b1" testName="ApiAggregator.Tests.Application.Statistics.Store.InMemoryApiStatisticsStoreTests.GetStatistics_ShouldTrackMultipleApisIndependently" computerName="DESKTOP-6JEHVET" duration="00:00:00.0047942" startTime="2026-06-15T12:18:44.0520346+03:00" endTime="2026-06-15T12:18:44.0520347+03:00" testType="13cdc9d9-ddb5-4fa4-a97d-d965ccfc6d4b" outcome="Passed" testListId="8c84fa94-04c1-424b-9868-57a2d4851a1d" relativeResultsDirectory="527441ea-ff57-45ce-a397-696faea64a2a" />
    <UnitTestResult executionId="1ba603d3-5b2f-4f5a-951d-c2f1215a2750" testId="bd22ba28-0aa6-37af-af0d-013e29caec5f" testName="ApiAggregator.Tests.Application.Statistics.Store.InMemoryApiStatisticsStoreTests.GetStatistics_ShouldPlaceRequestInCorrectBucket(responseTimeMs: 150, expectedFast: 0, expectedAverage: 1, expectedSlow: 0)" computerName="DESKTOP-6JEHVET" duration="00:00:00.0003854" startTime="2026-06-15T12:18:44.0247060+03:00" endTime="2026-06-15T12:18:44.0247061+03:00" testType="13cdc9d9-ddb5-4fa4-a97d-d965ccfc6d4b" outcome="Passed" testListId="8c84fa94-04c1-424b-9868-57a2d4851a1d" relativeResultsDirectory="1ba603d3-5b2f-4f5a-951d-c2f1215a2750" />
    <UnitTestResult executionId="d1c61c72-c6d4-43bb-ab79-7394f9e23687" testId="610a8bf8-ffd0-baf0-1d33-ef04a7d53b04" testName="ApiAggregator.Tests.Application.Statistics.Store.InMemoryApiStatisticsStoreTests.RecordFailure_ShouldIncrementTotalAndFailedRequests" computerName="DESKTOP-6JEHVET" duration="00:00:00.0004820" startTime="2026-06-15T12:18:44.0500256+03:00" endTime="2026-06-15T12:18:44.0500257+03:00" testType="13cdc9d9-ddb5-4fa4-a97d-d965ccfc6d4b" outcome="Passed" testListId="8c84fa94-04c1-424b-9868-57a2d4851a1d" relativeResultsDirectory="d1c61c72-c6d4-43bb-ab79-7394f9e23687" />
  </Results>
  <TestDefinitions>
    <UnitTest name="ApiAggregator.Tests.Application.Aggregation.Filtering.AggregatedItemFilterTests.Apply_ShouldReturnAllItems_WhenNoFiltersProvided" storage="c:\users\cloud\source\repos\apiaggregator\apiaggregator.tests\bin\debug\net8.0\apiaggregator.tests.dll" id="5af82900-8780-f9d2-7508-c4a8d7fe86f2">
      <Execution id="fe8850a7-ea7f-4dcd-b8c0-24273827c1ee" />
      <TestMethod codeBase="C:\Users\Cloud\source\repos\ApiAggregator\ApiAggregator.Tests\bin\Debug\net8.0\ApiAggregator.Tests.dll" adapterTypeName="executor://xunit/VsTestRunner2/netcoreapp" className="ApiAggregator.Tests.Application.Aggregation.Filtering.AggregatedItemFilterTests" name="Apply_ShouldReturnAllItems_WhenNoFiltersProvided" />
    </UnitTest>
    <UnitTest name="ApiAggregator.Tests.Application.Aggregation.Filtering.AggregatedItemFilterTests.Apply_ShouldFilterByKeyword_WhenKeywordMatchesTitle" storage="c:\users\cloud\source\repos\apiaggregator\apiaggregator.tests\bin\debug\net8.0\apiaggregator.tests.dll" id="53986a5d-5ee9-8c2e-2289-5aeaeb2cd3ae">
      <Execution id="a39e1b7a-6bb2-45f0-a635-eeb2cb827ae6" />
      <TestMethod codeBase="C:\Users\Cloud\source\repos\ApiAggregator\ApiAggregator.Tests\bin\Debug\net8.0\ApiAggregator.Tests.dll" adapterTypeName="executor://xunit/VsTestRunner2/netcoreapp" className="ApiAggregator.Tests.Application.Aggregation.Filtering.AggregatedItemFilterTests" name="Apply_ShouldFilterByKeyword_WhenKeywordMatchesTitle" />
    </UnitTest>
    <UnitTest name="ApiAggregator.Tests.Application.Aggregation.Queries.AggregateDataQueryHandlerTests.Handle_ShouldApplyFilteringAndSorting" storage="c:\users\cloud\source\repos\apiaggregator\apiaggregator.tests\bin\debug\net8.0\apiaggregator.tests.dll" id="dad23633-5d61-5198-532d-b018aecc9f4f">
      <Execution id="7849e618-11dd-4793-aa9c-c1d51fce8eaf" />
      <TestMethod codeBase="C:\Users\Cloud\source\repos\ApiAggregator\ApiAggregator.Tests\bin\Debug\net8.0\ApiAggregator.Tests.dll" adapterTypeName="executor://xunit/VsTestRunner2/netcoreapp" className="ApiAggregator.Tests.Application.Aggregation.Queries.AggregateDataQueryHandlerTests" name="Handle_ShouldApplyFilteringAndSorting" />
    </UnitTest>
    <UnitTest name="ApiAggregator.Tests.Application.Authentication.Commands.LoginCommandHandlerTests.Handle_ShouldReturnFailure_WhenPasswordIsInvalid" storage="c:\users\cloud\source\repos\apiaggregator\apiaggregator.tests\bin\debug\net8.0\apiaggregator.tests.dll" id="880e0c9c-c581-6cb5-2d8b-5fba607986a5">
      <Execution id="ad6a2212-0f29-47a4-a12b-56773e0287e2" />
      <TestMethod codeBase="C:\Users\Cloud\source\repos\ApiAggregator\ApiAggregator.Tests\bin\Debug\net8.0\ApiAggregator.Tests.dll" adapterTypeName="executor://xunit/VsTestRunner2/netcoreapp" className="ApiAggregator.Tests.Application.Authentication.Commands.LoginCommandHandlerTests" name="Handle_ShouldReturnFailure_WhenPasswordIsInvalid" />
    </UnitTest>
    <UnitTest name="ApiAggregator.Tests.Application.Aggregation.Sorting.AggregatedItemSorterTests.Apply_ShouldSortByRelevanceDescending" storage="c:\users\cloud\source\repos\apiaggregator\apiaggregator.tests\bin\debug\net8.0\apiaggregator.tests.dll" id="9d64852e-a8f7-d7e7-83fb-eee2c102ab89">
      <Execution id="fcc082b2-dbbf-4ce0-b22f-a626a046e105" />
      <TestMethod codeBase="C:\Users\Cloud\source\repos\ApiAggregator\ApiAggregator.Tests\bin\Debug\net8.0\ApiAggregator.Tests.dll" adapterTypeName="executor://xunit/VsTestRunner2/netcoreapp" className="ApiAggregator.Tests.Application.Aggregation.Sorting.AggregatedItemSorterTests" name="Apply_ShouldSortByRelevanceDescending" />
    </UnitTest>
    <UnitTest name="ApiAggregator.Tests.Application.Statistics.Store.InMemoryApiStatisticsStoreTests.GetStatistics_ShouldCalculateAverageResponseTime" storage="c:\users\cloud\source\repos\apiaggregator\apiaggregator.tests\bin\debug\net8.0\apiaggregator.tests.dll" id="c8af6911-8960-cc13-1c59-d230fe99beed">
      <Execution id="4f138f93-9414-489a-89b6-48e57ab260df" />
      <TestMethod codeBase="C:\Users\Cloud\source\repos\ApiAggregator\ApiAggregator.Tests\bin\Debug\net8.0\ApiAggregator.Tests.dll" adapterTypeName="executor://xunit/VsTestRunner2/netcoreapp" className="ApiAggregator.Tests.Application.Statistics.Store.InMemoryApiStatisticsStoreTests" name="GetStatistics_ShouldCalculateAverageResponseTime" />
    </UnitTest>
    <UnitTest name="ApiAggregator.Tests.Application.Aggregation.Filtering.AggregatedItemFilterTests.Apply_ShouldFilterByFromDate" storage="c:\users\cloud\source\repos\apiaggregator\apiaggregator.tests\bin\debug\net8.0\apiaggregator.tests.dll" id="2bd96c1d-059c-d0e9-c77d-164c30056ae5">
      <Execution id="aeb645b8-43fd-4141-868e-bae3379d66dc" />
      <TestMethod codeBase="C:\Users\Cloud\source\repos\ApiAggregator\ApiAggregator.Tests\bin\Debug\net8.0\ApiAggregator.Tests.dll" adapterTypeName="executor://xunit/VsTestRunner2/netcoreapp" className="ApiAggregator.Tests.Application.Aggregation.Filtering.AggregatedItemFilterTests" name="Apply_ShouldFilterByFromDate" />
    </UnitTest>
    <UnitTest name="ApiAggregator.Tests.Application.Authentication.Commands.LoginCommandHandlerTests.Handle_ShouldReturnFailure_WhenUsernameIsInvalid" storage="c:\users\cloud\source\repos\apiaggregator\apiaggregator.tests\bin\debug\net8.0\apiaggregator.tests.dll" id="751aa96e-f3c1-0ce9-39c2-470e0aa6db28">
      <Execution id="51cd9a10-04c1-4ed1-baec-e05956b9e46f" />
      <TestMethod codeBase="C:\Users\Cloud\source\repos\ApiAggregator\ApiAggregator.Tests\bin\Debug\net8.0\ApiAggregator.Tests.dll" adapterTypeName="executor://xunit/VsTestRunner2/netcoreapp" className="ApiAggregator.Tests.Application.Authentication.Commands.LoginCommandHandlerTests" name="Handle_ShouldReturnFailure_WhenUsernameIsInvalid" />
    </UnitTest>
    <UnitTest name="ApiAggregator.Tests.Application.Aggregation.Filtering.AggregatedItemFilterTests.Apply_ShouldFilterByToDate" storage="c:\users\cloud\source\repos\apiaggregator\apiaggregator.tests\bin\debug\net8.0\apiaggregator.tests.dll" id="c2455091-378e-3366-466e-bf91f62430aa">
      <Execution id="d6409d5a-2c2c-4247-9ffb-15776b34eede" />
      <TestMethod codeBase="C:\Users\Cloud\source\repos\ApiAggregator\ApiAggregator.Tests\bin\Debug\net8.0\ApiAggregator.Tests.dll" adapterTypeName="executor://xunit/VsTestRunner2/netcoreapp" className="ApiAggregator.Tests.Application.Aggregation.Filtering.AggregatedItemFilterTests" name="Apply_ShouldFilterByToDate" />
    </UnitTest>
    <UnitTest name="ApiAggregator.Tests.Application.Aggregation.Sorting.AggregatedItemSorterTests.Apply_ShouldReturnItemsUnchanged_WhenSortByIsNull" storage="c:\users\cloud\source\repos\apiaggregator\apiaggregator.tests\bin\debug\net8.0\apiaggregator.tests.dll" id="26ae7ad5-79ae-d4d4-ca18-1c5fd25a8386">
      <Execution id="8b547127-fb7b-4c94-a8ab-b7c2bac81fc8" />
      <TestMethod codeBase="C:\Users\Cloud\source\repos\ApiAggregator\ApiAggregator.Tests\bin\Debug\net8.0\ApiAggregator.Tests.dll" adapterTypeName="executor://xunit/VsTestRunner2/netcoreapp" className="ApiAggregator.Tests.Application.Aggregation.Sorting.AggregatedItemSorterTests" name="Apply_ShouldReturnItemsUnchanged_WhenSortByIsNull" />
    </UnitTest>
    <UnitTest name="ApiAggregator.Tests.Application.Authentication.Commands.LoginCommandHandlerTests.Handle_ShouldReturnToken_WhenCredentialsAreValid" storage="c:\users\cloud\source\repos\apiaggregator\apiaggregator.tests\bin\debug\net8.0\apiaggregator.tests.dll" id="f2559f1e-92ff-3340-c63f-8e5e75d58d87">
      <Execution id="6754482a-6ec9-4eef-a6f9-89537910069c" />
      <TestMethod codeBase="C:\Users\Cloud\source\repos\ApiAggregator\ApiAggregator.Tests\bin\Debug\net8.0\ApiAggregator.Tests.dll" adapterTypeName="executor://xunit/VsTestRunner2/netcoreapp" className="ApiAggregator.Tests.Application.Authentication.Commands.LoginCommandHandlerTests" name="Handle_ShouldReturnToken_WhenCredentialsAreValid" />
    </UnitTest>
    <UnitTest name="ApiAggregator.Tests.Application.Aggregation.Sorting.AggregatedItemSorterTests.Apply_ShouldSortByTitle" storage="c:\users\cloud\source\repos\apiaggregator\apiaggregator.tests\bin\debug\net8.0\apiaggregator.tests.dll" id="70bc07d0-75a0-aa66-903e-22ee6efeb018">
      <Execution id="4921b225-d8b0-43fe-80cf-e81470d4fdee" />
      <TestMethod codeBase="C:\Users\Cloud\source\repos\ApiAggregator\ApiAggregator.Tests\bin\Debug\net8.0\ApiAggregator.Tests.dll" adapterTypeName="executor://xunit/VsTestRunner2/netcoreapp" className="ApiAggregator.Tests.Application.Aggregation.Sorting.AggregatedItemSorterTests" name="Apply_ShouldSortByTitle" />
    </UnitTest>
    <UnitTest name="ApiAggregator.Tests.Application.Statistics.Store.InMemoryApiStatisticsStoreTests.GetStatistics_ShouldPlaceRequestInCorrectBucket(responseTimeMs: 150, expectedFast: 0, expectedAverage: 1, expectedSlow: 0)" storage="c:\users\cloud\source\repos\apiaggregator\apiaggregator.tests\bin\debug\net8.0\apiaggregator.tests.dll" id="bd22ba28-0aa6-37af-af0d-013e29caec5f">
      <Execution id="1ba603d3-5b2f-4f5a-951d-c2f1215a2750" />
      <TestMethod codeBase="C:\Users\Cloud\source\repos\ApiAggregator\ApiAggregator.Tests\bin\Debug\net8.0\ApiAggregator.Tests.dll" adapterTypeName="executor://xunit/VsTestRunner2/netcoreapp" className="ApiAggregator.Tests.Application.Statistics.Store.InMemoryApiStatisticsStoreTests" name="GetStatistics_ShouldPlaceRequestInCorrectBucket" />
    </UnitTest>
    <UnitTest name="ApiAggregator.Tests.Application.Aggregation.Sorting.AggregatedItemSorterTests.Apply_ShouldSortBySource" storage="c:\users\cloud\source\repos\apiaggregator\apiaggregator.tests\bin\debug\net8.0\apiaggregator.tests.dll" id="7d4c73c2-7b9a-94f5-d92d-68750ed71aa2">
      <Execution id="9a355cbf-63a3-4811-946e-7ee5e6ff674a" />
      <TestMethod codeBase="C:\Users\Cloud\source\repos\ApiAggregator\ApiAggregator.Tests\bin\Debug\net8.0\ApiAggregator.Tests.dll" adapterTypeName="executor://xunit/VsTestRunner2/netcoreapp" className="ApiAggregator.Tests.Application.Aggregation.Sorting.AggregatedItemSorterTests" name="Apply_ShouldSortBySource" />
    </UnitTest>
    <UnitTest name="ApiAggregator.Tests.Application.Aggregation.Filtering.AggregatedItemFilterTests.Apply_ShouldFilterByKeyword_WhenKeywordMatchesDescription" storage="c:\users\cloud\source\repos\apiaggregator\apiaggregator.tests\bin\debug\net8.0\apiaggregator.tests.dll" id="fdb987f5-2376-ba3f-0f21-605ad8784596">
      <Execution id="d9d92b63-e1c5-4f69-b2a9-fff3f661fb54" />
      <TestMethod codeBase="C:\Users\Cloud\source\repos\ApiAggregator\ApiAggregator.Tests\bin\Debug\net8.0\ApiAggregator.Tests.dll" adapterTypeName="executor://xunit/VsTestRunner2/netcoreapp" className="ApiAggregator.Tests.Application.Aggregation.Filtering.AggregatedItemFilterTests" name="Apply_ShouldFilterByKeyword_WhenKeywordMatchesDescription" />
    </UnitTest>
    <UnitTest name="ApiAggregator.Tests.Application.Statistics.Store.InMemoryApiStatisticsStoreTests.RecordSuccess_ShouldIncrementTotalAndSuccessfulRequests" storage="c:\users\cloud\source\repos\apiaggregator\apiaggregator.tests\bin\debug\net8.0\apiaggregator.tests.dll" id="4c12e5df-ee63-9db3-c8e2-a1117e177665">
      <Execution id="9a4cb224-bb72-482c-801d-58ee0561fc05" />
      <TestMethod codeBase="C:\Users\Cloud\source\repos\ApiAggregator\ApiAggregator.Tests\bin\Debug\net8.0\ApiAggregator.Tests.dll" adapterTypeName="executor://xunit/VsTestRunner2/netcoreapp" className="ApiAggregator.Tests.Application.Statistics.Store.InMemoryApiStatisticsStoreTests" name="RecordSuccess_ShouldIncrementTotalAndSuccessfulRequests" />
    </UnitTest>
    <UnitTest name="ApiAggregator.Tests.Application.Aggregation.Queries.AggregateDataQueryHandlerTests.Handle_ShouldCallAllProviders_AndCombineResults" storage="c:\users\cloud\source\repos\apiaggregator\apiaggregator.tests\bin\debug\net8.0\apiaggregator.tests.dll" id="1a3d3a01-b631-114d-7de2-47f4df5cb2e2">
      <Execution id="f194a182-7cd6-472e-81da-4d8f86c40b1b" />
      <TestMethod codeBase="C:\Users\Cloud\source\repos\ApiAggregator\ApiAggregator.Tests\bin\Debug\net8.0\ApiAggregator.Tests.dll" adapterTypeName="executor://xunit/VsTestRunner2/netcoreapp" className="ApiAggregator.Tests.Application.Aggregation.Queries.AggregateDataQueryHandlerTests" name="Handle_ShouldCallAllProviders_AndCombineResults" />
    </UnitTest>
    <UnitTest name="ApiAggregator.Tests.Application.Aggregation.Filtering.AggregatedItemFilterTests.Apply_ShouldFilterByCategory" storage="c:\users\cloud\source\repos\apiaggregator\apiaggregator.tests\bin\debug\net8.0\apiaggregator.tests.dll" id="638f3f7f-98db-f109-0d0d-452ea0696a25">
      <Execution id="c1f74519-f858-4ee2-9e0c-47ed1c3082c6" />
      <TestMethod codeBase="C:\Users\Cloud\source\repos\ApiAggregator\ApiAggregator.Tests\bin\Debug\net8.0\ApiAggregator.Tests.dll" adapterTypeName="executor://xunit/VsTestRunner2/netcoreapp" className="ApiAggregator.Tests.Application.Aggregation.Filtering.AggregatedItemFilterTests" name="Apply_ShouldFilterByCategory" />
    </UnitTest>
    <UnitTest name="ApiAggregator.Tests.Application.Statistics.Store.InMemoryApiStatisticsStoreTests.GetStatistics_ShouldHandleConcurrentWritesSafely" storage="c:\users\cloud\source\repos\apiaggregator\apiaggregator.tests\bin\debug\net8.0\apiaggregator.tests.dll" id="1aaf9de3-2b5d-ffce-d838-bc09839ccfba">
      <Execution id="12b25ec9-2b9b-4f06-9128-ae4d9cd28468" />
      <TestMethod codeBase="C:\Users\Cloud\source\repos\ApiAggregator\ApiAggregator.Tests\bin\Debug\net8.0\ApiAggregator.Tests.dll" adapterTypeName="executor://xunit/VsTestRunner2/netcoreapp" className="ApiAggregator.Tests.Application.Statistics.Store.InMemoryApiStatisticsStoreTests" name="GetStatistics_ShouldHandleConcurrentWritesSafely" />
    </UnitTest>
    <UnitTest name="ApiAggregator.Tests.Application.Aggregation.Sorting.AggregatedItemSorterTests.Apply_ShouldSortByDateDescending_WhenSortDirectionIsDesc" storage="c:\users\cloud\source\repos\apiaggregator\apiaggregator.tests\bin\debug\net8.0\apiaggregator.tests.dll" id="40b11b95-fe1a-784c-45cb-317671f46907">
      <Execution id="92346c55-81ef-454f-8395-10230a9d77f1" />
      <TestMethod codeBase="C:\Users\Cloud\source\repos\ApiAggregator\ApiAggregator.Tests\bin\Debug\net8.0\ApiAggregator.Tests.dll" adapterTypeName="executor://xunit/VsTestRunner2/netcoreapp" className="ApiAggregator.Tests.Application.Aggregation.Sorting.AggregatedItemSorterTests" name="Apply_ShouldSortByDateDescending_WhenSortDirectionIsDesc" />
    </UnitTest>
    <UnitTest name="ApiAggregator.Tests.Application.Aggregation.Queries.AggregateDataQueryHandlerTests.Handle_ShouldStillReturnResult_WhenLogRepositoryThrows" storage="c:\users\cloud\source\repos\apiaggregator\apiaggregator.tests\bin\debug\net8.0\apiaggregator.tests.dll" id="0acbbc9c-16c2-3fcf-7c72-1d0fd4afa3ff">
      <Execution id="4c2f1af0-e2f9-491e-980c-e111f52f3158" />
      <TestMethod codeBase="C:\Users\Cloud\source\repos\ApiAggregator\ApiAggregator.Tests\bin\Debug\net8.0\ApiAggregator.Tests.dll" adapterTypeName="executor://xunit/VsTestRunner2/netcoreapp" className="ApiAggregator.Tests.Application.Aggregation.Queries.AggregateDataQueryHandlerTests" name="Handle_ShouldStillReturnResult_WhenLogRepositoryThrows" />
    </UnitTest>
    <UnitTest name="ApiAggregator.Tests.Application.Aggregation.Queries.AggregateDataQueryHandlerTests.Handle_ShouldNotFail_WhenOneProviderFails" storage="c:\users\cloud\source\repos\apiaggregator\apiaggregator.tests\bin\debug\net8.0\apiaggregator.tests.dll" id="6c422b96-2ba7-60bc-d5c4-99f638155491">
      <Execution id="897d69b9-9a65-4b88-87b9-024d29ffdeb0" />
      <TestMethod codeBase="C:\Users\Cloud\source\repos\ApiAggregator\ApiAggregator.Tests\bin\Debug\net8.0\ApiAggregator.Tests.dll" adapterTypeName="executor://xunit/VsTestRunner2/netcoreapp" className="ApiAggregator.Tests.Application.Aggregation.Queries.AggregateDataQueryHandlerTests" name="Handle_ShouldNotFail_WhenOneProviderFails" />
    </UnitTest>
    <UnitTest name="ApiAggregator.Tests.Application.Aggregation.Sorting.AggregatedItemSorterTests.Apply_ShouldSortByDateAscending_ByDefault" storage="c:\users\cloud\source\repos\apiaggregator\apiaggregator.tests\bin\debug\net8.0\apiaggregator.tests.dll" id="6014be81-efd9-c12d-5a81-c3a485f29654">
      <Execution id="e09547b9-48c0-408c-9a3b-358d2472b7fc" />
      <TestMethod codeBase="C:\Users\Cloud\source\repos\ApiAggregator\ApiAggregator.Tests\bin\Debug\net8.0\ApiAggregator.Tests.dll" adapterTypeName="executor://xunit/VsTestRunner2/netcoreapp" className="ApiAggregator.Tests.Application.Aggregation.Sorting.AggregatedItemSorterTests" name="Apply_ShouldSortByDateAscending_ByDefault" />
    </UnitTest>
    <UnitTest name="ApiAggregator.Tests.Application.Aggregation.Queries.AggregateDataQueryHandlerTests.Handle_ShouldOnlyCallRequestedProviders_WhenProvidersFilterIsSet" storage="c:\users\cloud\source\repos\apiaggregator\apiaggregator.tests\bin\debug\net8.0\apiaggregator.tests.dll" id="99e835e1-5392-c229-0522-97e0ef9f24a1">
      <Execution id="8b22a703-9354-4533-a494-1f809e3e8709" />
      <TestMethod codeBase="C:\Users\Cloud\source\repos\ApiAggregator\ApiAggregator.Tests\bin\Debug\net8.0\ApiAggregator.Tests.dll" adapterTypeName="executor://xunit/VsTestRunner2/netcoreapp" className="ApiAggregator.Tests.Application.Aggregation.Queries.AggregateDataQueryHandlerTests" name="Handle_ShouldOnlyCallRequestedProviders_WhenProvidersFilterIsSet" />
    </UnitTest>
    <UnitTest name="ApiAggregator.Tests.Application.Statistics.Store.InMemoryApiStatisticsStoreTests.GetStatistics_ShouldPlaceRequestInCorrectBucket(responseTimeMs: 50, expectedFast: 1, expectedAverage: 0, expectedSlow: 0)" storage="c:\users\cloud\source\repos\apiaggregator\apiaggregator.tests\bin\debug\net8.0\apiaggregator.tests.dll" id="6160ce35-e7b3-0ffd-0210-789fdf938c07">
      <Execution id="ec961f43-e8a2-4333-b581-84bbfe138f78" />
      <TestMethod codeBase="C:\Users\Cloud\source\repos\ApiAggregator\ApiAggregator.Tests\bin\Debug\net8.0\ApiAggregator.Tests.dll" adapterTypeName="executor://xunit/VsTestRunner2/netcoreapp" className="ApiAggregator.Tests.Application.Statistics.Store.InMemoryApiStatisticsStoreTests" name="GetStatistics_ShouldPlaceRequestInCorrectBucket" />
    </UnitTest>
    <UnitTest name="ApiAggregator.Tests.Application.Statistics.Store.InMemoryApiStatisticsStoreTests.GetStatistics_ShouldPlaceRequestInCorrectBucket(responseTimeMs: 250, expectedFast: 0, expectedAverage: 0, expectedSlow: 1)" storage="c:\users\cloud\source\repos\apiaggregator\apiaggregator.tests\bin\debug\net8.0\apiaggregator.tests.dll" id="7f4c8f02-0319-5005-ff39-fee8d718ae96">
      <Execution id="6ad35b70-19c6-4eff-8b3e-111e9856d62f" />
      <TestMethod codeBase="C:\Users\Cloud\source\repos\ApiAggregator\ApiAggregator.Tests\bin\Debug\net8.0\ApiAggregator.Tests.dll" adapterTypeName="executor://xunit/VsTestRunner2/netcoreapp" className="ApiAggregator.Tests.Application.Statistics.Store.InMemoryApiStatisticsStoreTests" name="GetStatistics_ShouldPlaceRequestInCorrectBucket" />
    </UnitTest>
    <UnitTest name="ApiAggregator.Tests.Application.Aggregation.Queries.AggregateDataQueryHandlerTests.Handle_ShouldRecordStatistics_ForEachProvider" storage="c:\users\cloud\source\repos\apiaggregator\apiaggregator.tests\bin\debug\net8.0\apiaggregator.tests.dll" id="c8cd70cc-cb89-5b4c-5544-cca06d762525">
      <Execution id="2a824d07-f8a5-4ef7-beb9-8e1b4d93a61d" />
      <TestMethod codeBase="C:\Users\Cloud\source\repos\ApiAggregator\ApiAggregator.Tests\bin\Debug\net8.0\ApiAggregator.Tests.dll" adapterTypeName="executor://xunit/VsTestRunner2/netcoreapp" className="ApiAggregator.Tests.Application.Aggregation.Queries.AggregateDataQueryHandlerTests" name="Handle_ShouldRecordStatistics_ForEachProvider" />
    </UnitTest>
    <UnitTest name="ApiAggregator.Tests.Application.Aggregation.Sorting.AggregatedItemSorterTests.Apply_ShouldSortByCategory" storage="c:\users\cloud\source\repos\apiaggregator\apiaggregator.tests\bin\debug\net8.0\apiaggregator.tests.dll" id="acf32726-0a5b-e2ac-cc6d-e1384b7de38f">
      <Execution id="c139910a-0cf7-4599-b33d-826e61cb9ecc" />
      <TestMethod codeBase="C:\Users\Cloud\source\repos\ApiAggregator\ApiAggregator.Tests\bin\Debug\net8.0\ApiAggregator.Tests.dll" adapterTypeName="executor://xunit/VsTestRunner2/netcoreapp" className="ApiAggregator.Tests.Application.Aggregation.Sorting.AggregatedItemSorterTests" name="Apply_ShouldSortByCategory" />
    </UnitTest>
    <UnitTest name="ApiAggregator.Tests.Application.Aggregation.Queries.AggregateDataQueryHandlerTests.Handle_ShouldIncludeProviderStatusMetadata" storage="c:\users\cloud\source\repos\apiaggregator\apiaggregator.tests\bin\debug\net8.0\apiaggregator.tests.dll" id="086021a0-239e-8ae2-7b65-76d7565c9fbf">
      <Execution id="fa76bb30-2a12-4f7f-aa87-811c6a7eedcb" />
      <TestMethod codeBase="C:\Users\Cloud\source\repos\ApiAggregator\ApiAggregator.Tests\bin\Debug\net8.0\ApiAggregator.Tests.dll" adapterTypeName="executor://xunit/VsTestRunner2/netcoreapp" className="ApiAggregator.Tests.Application.Aggregation.Queries.AggregateDataQueryHandlerTests" name="Handle_ShouldIncludeProviderStatusMetadata" />
    </UnitTest>
    <UnitTest name="ApiAggregator.Tests.Application.Aggregation.Filtering.AggregatedItemFilterTests.Apply_ShouldFilterBySource" storage="c:\users\cloud\source\repos\apiaggregator\apiaggregator.tests\bin\debug\net8.0\apiaggregator.tests.dll" id="6918a19d-09b0-56b5-2a51-46c6e82f6c66">
      <Execution id="024fef82-3b21-43ff-9bf5-a0d21adacc6b" />
      <TestMethod codeBase="C:\Users\Cloud\source\repos\ApiAggregator\ApiAggregator.Tests\bin\Debug\net8.0\ApiAggregator.Tests.dll" adapterTypeName="executor://xunit/VsTestRunner2/netcoreapp" className="ApiAggregator.Tests.Application.Aggregation.Filtering.AggregatedItemFilterTests" name="Apply_ShouldFilterBySource" />
    </UnitTest>
    <UnitTest name="ApiAggregator.Tests.Application.Statistics.Store.InMemoryApiStatisticsStoreTests.GetStatistics_ShouldTrackMultipleApisIndependently" storage="c:\users\cloud\source\repos\apiaggregator\apiaggregator.tests\bin\debug\net8.0\apiaggregator.tests.dll" id="8ab52574-23d6-f4e1-8dc8-7a10b6a978b1">
      <Execution id="527441ea-ff57-45ce-a397-696faea64a2a" />
      <TestMethod codeBase="C:\Users\Cloud\source\repos\ApiAggregator\ApiAggregator.Tests\bin\Debug\net8.0\ApiAggregator.Tests.dll" adapterTypeName="executor://xunit/VsTestRunner2/netcoreapp" className="ApiAggregator.Tests.Application.Statistics.Store.InMemoryApiStatisticsStoreTests" name="GetStatistics_ShouldTrackMultipleApisIndependently" />
    </UnitTest>
    <UnitTest name="ApiAggregator.Tests.Application.Aggregation.Sorting.AggregatedItemSorterTests.Apply_ShouldThrowInvalidSortFieldException_WhenSortByIsInvalid" storage="c:\users\cloud\source\repos\apiaggregator\apiaggregator.tests\bin\debug\net8.0\apiaggregator.tests.dll" id="30330ad7-d55e-5a9b-9d3b-dac2113f56bf">
      <Execution id="bcb7e07e-ce2a-4d10-981b-bce400628c20" />
      <TestMethod codeBase="C:\Users\Cloud\source\repos\ApiAggregator\ApiAggregator.Tests\bin\Debug\net8.0\ApiAggregator.Tests.dll" adapterTypeName="executor://xunit/VsTestRunner2/netcoreapp" className="ApiAggregator.Tests.Application.Aggregation.Sorting.AggregatedItemSorterTests" name="Apply_ShouldThrowInvalidSortFieldException_WhenSortByIsInvalid" />
    </UnitTest>
    <UnitTest name="ApiAggregator.Tests.Application.Statistics.Store.InMemoryApiStatisticsStoreTests.RecordFailure_ShouldIncrementTotalAndFailedRequests" storage="c:\users\cloud\source\repos\apiaggregator\apiaggregator.tests\bin\debug\net8.0\apiaggregator.tests.dll" id="610a8bf8-ffd0-baf0-1d33-ef04a7d53b04">
      <Execution id="d1c61c72-c6d4-43bb-ab79-7394f9e23687" />
      <TestMethod codeBase="C:\Users\Cloud\source\repos\ApiAggregator\ApiAggregator.Tests\bin\Debug\net8.0\ApiAggregator.Tests.dll" adapterTypeName="executor://xunit/VsTestRunner2/netcoreapp" className="ApiAggregator.Tests.Application.Statistics.Store.InMemoryApiStatisticsStoreTests" name="RecordFailure_ShouldIncrementTotalAndFailedRequests" />
    </UnitTest>
  </TestDefinitions>
  <TestEntries>
    <TestEntry testId="751aa96e-f3c1-0ce9-39c2-470e0aa6db28" executionId="51cd9a10-04c1-4ed1-baec-e05956b9e46f" testListId="8c84fa94-04c1-424b-9868-57a2d4851a1d" />
    <TestEntry testId="7f4c8f02-0319-5005-ff39-fee8d718ae96" executionId="6ad35b70-19c6-4eff-8b3e-111e9856d62f" testListId="8c84fa94-04c1-424b-9868-57a2d4851a1d" />
    <TestEntry testId="26ae7ad5-79ae-d4d4-ca18-1c5fd25a8386" executionId="8b547127-fb7b-4c94-a8ab-b7c2bac81fc8" testListId="8c84fa94-04c1-424b-9868-57a2d4851a1d" />
    <TestEntry testId="1aaf9de3-2b5d-ffce-d838-bc09839ccfba" executionId="12b25ec9-2b9b-4f06-9128-ae4d9cd28468" testListId="8c84fa94-04c1-424b-9868-57a2d4851a1d" />
    <TestEntry testId="7d4c73c2-7b9a-94f5-d92d-68750ed71aa2" executionId="9a355cbf-63a3-4811-946e-7ee5e6ff674a" testListId="8c84fa94-04c1-424b-9868-57a2d4851a1d" />
    <TestEntry testId="086021a0-239e-8ae2-7b65-76d7565c9fbf" executionId="fa76bb30-2a12-4f7f-aa87-811c6a7eedcb" testListId="8c84fa94-04c1-424b-9868-57a2d4851a1d" />
    <TestEntry testId="2bd96c1d-059c-d0e9-c77d-164c30056ae5" executionId="aeb645b8-43fd-4141-868e-bae3379d66dc" testListId="8c84fa94-04c1-424b-9868-57a2d4851a1d" />
    <TestEntry testId="6014be81-efd9-c12d-5a81-c3a485f29654" executionId="e09547b9-48c0-408c-9a3b-358d2472b7fc" testListId="8c84fa94-04c1-424b-9868-57a2d4851a1d" />
    <TestEntry testId="6160ce35-e7b3-0ffd-0210-789fdf938c07" executionId="ec961f43-e8a2-4333-b581-84bbfe138f78" testListId="8c84fa94-04c1-424b-9868-57a2d4851a1d" />
    <TestEntry testId="c8af6911-8960-cc13-1c59-d230fe99beed" executionId="4f138f93-9414-489a-89b6-48e57ab260df" testListId="8c84fa94-04c1-424b-9868-57a2d4851a1d" />
    <TestEntry testId="40b11b95-fe1a-784c-45cb-317671f46907" executionId="92346c55-81ef-454f-8395-10230a9d77f1" testListId="8c84fa94-04c1-424b-9868-57a2d4851a1d" />
    <TestEntry testId="0acbbc9c-16c2-3fcf-7c72-1d0fd4afa3ff" executionId="4c2f1af0-e2f9-491e-980c-e111f52f3158" testListId="8c84fa94-04c1-424b-9868-57a2d4851a1d" />
    <TestEntry testId="638f3f7f-98db-f109-0d0d-452ea0696a25" executionId="c1f74519-f858-4ee2-9e0c-47ed1c3082c6" testListId="8c84fa94-04c1-424b-9868-57a2d4851a1d" />
    <TestEntry testId="fdb987f5-2376-ba3f-0f21-605ad8784596" executionId="d9d92b63-e1c5-4f69-b2a9-fff3f661fb54" testListId="8c84fa94-04c1-424b-9868-57a2d4851a1d" />
    <TestEntry testId="880e0c9c-c581-6cb5-2d8b-5fba607986a5" executionId="ad6a2212-0f29-47a4-a12b-56773e0287e2" testListId="8c84fa94-04c1-424b-9868-57a2d4851a1d" />
    <TestEntry testId="acf32726-0a5b-e2ac-cc6d-e1384b7de38f" executionId="c139910a-0cf7-4599-b33d-826e61cb9ecc" testListId="8c84fa94-04c1-424b-9868-57a2d4851a1d" />
    <TestEntry testId="99e835e1-5392-c229-0522-97e0ef9f24a1" executionId="8b22a703-9354-4533-a494-1f809e3e8709" testListId="8c84fa94-04c1-424b-9868-57a2d4851a1d" />
    <TestEntry testId="30330ad7-d55e-5a9b-9d3b-dac2113f56bf" executionId="bcb7e07e-ce2a-4d10-981b-bce400628c20" testListId="8c84fa94-04c1-424b-9868-57a2d4851a1d" />
    <TestEntry testId="5af82900-8780-f9d2-7508-c4a8d7fe86f2" executionId="fe8850a7-ea7f-4dcd-b8c0-24273827c1ee" testListId="8c84fa94-04c1-424b-9868-57a2d4851a1d" />
    <TestEntry testId="c8cd70cc-cb89-5b4c-5544-cca06d762525" executionId="2a824d07-f8a5-4ef7-beb9-8e1b4d93a61d" testListId="8c84fa94-04c1-424b-9868-57a2d4851a1d" />
    <TestEntry testId="dad23633-5d61-5198-532d-b018aecc9f4f" executionId="7849e618-11dd-4793-aa9c-c1d51fce8eaf" testListId="8c84fa94-04c1-424b-9868-57a2d4851a1d" />
    <TestEntry testId="70bc07d0-75a0-aa66-903e-22ee6efeb018" executionId="4921b225-d8b0-43fe-80cf-e81470d4fdee" testListId="8c84fa94-04c1-424b-9868-57a2d4851a1d" />
    <TestEntry testId="f2559f1e-92ff-3340-c63f-8e5e75d58d87" executionId="6754482a-6ec9-4eef-a6f9-89537910069c" testListId="8c84fa94-04c1-424b-9868-57a2d4851a1d" />
    <TestEntry testId="c2455091-378e-3366-466e-bf91f62430aa" executionId="d6409d5a-2c2c-4247-9ffb-15776b34eede" testListId="8c84fa94-04c1-424b-9868-57a2d4851a1d" />
    <TestEntry testId="1a3d3a01-b631-114d-7de2-47f4df5cb2e2" executionId="f194a182-7cd6-472e-81da-4d8f86c40b1b" testListId="8c84fa94-04c1-424b-9868-57a2d4851a1d" />
    <TestEntry testId="4c12e5df-ee63-9db3-c8e2-a1117e177665" executionId="9a4cb224-bb72-482c-801d-58ee0561fc05" testListId="8c84fa94-04c1-424b-9868-57a2d4851a1d" />
    <TestEntry testId="53986a5d-5ee9-8c2e-2289-5aeaeb2cd3ae" executionId="a39e1b7a-6bb2-45f0-a635-eeb2cb827ae6" testListId="8c84fa94-04c1-424b-9868-57a2d4851a1d" />
    <TestEntry testId="6c422b96-2ba7-60bc-d5c4-99f638155491" executionId="897d69b9-9a65-4b88-87b9-024d29ffdeb0" testListId="8c84fa94-04c1-424b-9868-57a2d4851a1d" />
    <TestEntry testId="9d64852e-a8f7-d7e7-83fb-eee2c102ab89" executionId="fcc082b2-dbbf-4ce0-b22f-a626a046e105" testListId="8c84fa94-04c1-424b-9868-57a2d4851a1d" />
    <TestEntry testId="6918a19d-09b0-56b5-2a51-46c6e82f6c66" executionId="024fef82-3b21-43ff-9bf5-a0d21adacc6b" testListId="8c84fa94-04c1-424b-9868-57a2d4851a1d" />
    <TestEntry testId="8ab52574-23d6-f4e1-8dc8-7a10b6a978b1" executionId="527441ea-ff57-45ce-a397-696faea64a2a" testListId="8c84fa94-04c1-424b-9868-57a2d4851a1d" />
    <TestEntry testId="bd22ba28-0aa6-37af-af0d-013e29caec5f" executionId="1ba603d3-5b2f-4f5a-951d-c2f1215a2750" testListId="8c84fa94-04c1-424b-9868-57a2d4851a1d" />
    <TestEntry testId="610a8bf8-ffd0-baf0-1d33-ef04a7d53b04" executionId="d1c61c72-c6d4-43bb-ab79-7394f9e23687" testListId="8c84fa94-04c1-424b-9868-57a2d4851a1d" />
  </TestEntries>
  <TestLists>
    <TestList name="Results Not in a List" id="8c84fa94-04c1-424b-9868-57a2d4851a1d" />
    <TestList name="All Loaded Results" id="19431567-8539-422a-85d7-44ee4e166bda" />
  </TestLists>
  <ResultSummary outcome="Completed">
    <Counters total="33" executed="33" passed="33" failed="0" error="0" timeout="0" aborted="0" inconclusive="0" passedButRunAborted="0" notRunnable="0" notExecuted="0" disconnected="0" warning="0" completed="0" inProgress="0" pending="0" />
    <Output>
      <StdOut>[xUnit.net 00:00:00.00] xUnit.net VSTest Adapter v2.5.3.1+6b60a9e56a (64-bit .NET 8.0.12)&#xD;
[xUnit.net 00:00:00.15]   Discovering: ApiAggregator.Tests&#xD;
[xUnit.net 00:00:00.19]   Discovered:  ApiAggregator.Tests&#xD;
[xUnit.net 00:00:00.19]   Starting:    ApiAggregator.Tests&#xD;
     Warning:&#xD;
     The component "Fluent Assertions" is governed by the rules defined in the Xceed License Agreement and&#xD;
     the Xceed Fluent Assertions Community License. You may use Fluent Assertions free of charge for&#xD;
     non-commercial use only. An active subscription is required to use Fluent Assertions for commercial use.&#xD;
     Please contact Xceed Sales mailto:sales@xceed.com to acquire a subscription at a very low cost.&#xD;
     A paid commercial license supports the development and continued increasing support of&#xD;
     Fluent Assertions users under both commercial and community licenses. Help us&#xD;
     keep Fluent Assertions at the forefront of unit testing.&#xD;
     For more information, visit https://xceed.com/products/unit-testing/fluent-assertions/&#xD;
[xUnit.net 00:00:00.34]   Finished:    ApiAggregator.Tests&#xD;
</StdOut>
    </Output>
  </ResultSummary>
</TestRun>